<?xml version="1.0" encoding="UTF-8"?>
<testng-results skipped="6" failed="0" total="8" passed="2">
  <reporter-output>
    <line>
      <![CDATA[<div style="display:block;margin-left:10px;"><div  class="teststepfail"><span class="teststepfail-label">T </span>Given get '/'</div><div style="display:block;margin-left:10px;"><div  class="fail"><span class="fail-label">F </span>Timed out after 0 seconds: Unable to create driver instance in 1st attempt with retry timeout of 0 seconds. You can check/set value of 'driver.init.retry.timeout' appropriately to set retry timeout on driver initialization failure.
Driver file not exist.</div></div><div  class="teststep"><span class="teststep-label">T </span>When search for 'qaf github infostretch'</div><div  class="teststep"><span class="teststep-label">T </span>Then verify link with partial text 'qaf' is present</div></div>]]>
    </line>
    <line>
      <![CDATA[<div style="display:block;margin-left:10px;"></div>]]>
    </line>
    <line>
      <![CDATA[<div style="display:block;margin-left:10px;"></div>]]>
    </line>
    <line>
      <![CDATA[<div style="display:block;margin-left:10px;"><div  class="teststepfail"><span class="teststepfail-label">T </span>get '/'</div><div style="display:block;margin-left:10px;"><div  class="fail"><span class="fail-label">F </span>com.qmetry.qaf.automation.core.AutomationError: Timed out after 0 seconds: Unable to create driver instance in 1st attempt with retry timeout of 0 seconds. You can check/set value of 'driver.init.retry.timeout' appropriately to set retry timeout on driver initialization failure.
Driver file not exist.</div></div></div>]]>
    </line>
    <line>
      <![CDATA[<div style="display:block;margin-left:10px;"><div  class="teststepfail"><span class="teststepfail-label">T </span>get '/'</div><div style="display:block;margin-left:10px;"><div  class="fail"><span class="fail-label">F </span>com.qmetry.qaf.automation.core.AutomationError: Timed out after 0 seconds: Unable to create driver instance in 1st attempt with retry timeout of 0 seconds. You can check/set value of 'driver.init.retry.timeout' appropriately to set retry timeout on driver initialization failure.
Driver file not exist.</div></div></div>]]>
    </line>
    <line>
      <![CDATA[<div style="display:block;margin-left:10px;"><div  class="teststepfail"><span class="teststepfail-label">T </span>get '/'</div><div style="display:block;margin-left:10px;"><div  class="fail"><span class="fail-label">F </span>com.qmetry.qaf.automation.core.AutomationError: Timed out after 0 seconds: Unable to create driver instance in 1st attempt with retry timeout of 0 seconds. You can check/set value of 'driver.init.retry.timeout' appropriately to set retry timeout on driver initialization failure.
Driver file not exist.</div></div></div>]]>
    </line>
    <line>
      <![CDATA[<div style="display:block;margin-left:10px;"><div  class="teststepfail"><span class="teststepfail-label">T </span>get '/'</div><div style="display:block;margin-left:10px;"><div  class="fail"><span class="fail-label">F </span>com.qmetry.qaf.automation.core.AutomationError: Timed out after 0 seconds: Unable to create driver instance in 1st attempt with retry timeout of 0 seconds. You can check/set value of 'driver.init.retry.timeout' appropriately to set retry timeout on driver initialization failure.
Driver file not exist.</div></div></div>]]>
    </line>
    <line>
      <![CDATA[<div style="display:block;margin-left:10px;"><div  class="teststepfail"><span class="teststepfail-label">T </span>get '/'</div><div style="display:block;margin-left:10px;"><div  class="fail"><span class="fail-label">F </span>com.qmetry.qaf.automation.core.AutomationError: Timed out after 0 seconds: Unable to create driver instance in 1st attempt with retry timeout of 0 seconds. You can check/set value of 'driver.init.retry.timeout' appropriately to set retry timeout on driver initialization failure.
Driver file not exist.</div></div></div>]]>
    </line>
  </reporter-output>
  <suite name="QAF Demo" duration-ms="1262" started-at="2018-02-21T05:38:51Z" finished-at="2018-02-21T05:38:52Z">
    <groups>
      <group name="P1">
        <method signature="SampleTest.testGoogleSearch1()[pri:0, instance:com.qmetry.qaf.example.test.SampleTest@e056f20]" name="testGoogleSearch1" class="com.qmetry.qaf.example.test.SampleTest"/>
        <method signature="SampleTest.testGoogleSearch2()[pri:0, instance:com.qmetry.qaf.example.test.SampleTest@e056f20]" name="testGoogleSearch2" class="com.qmetry.qaf.example.test.SampleTest"/>
        <method signature="SampleTest.testGoogleSearch3()[pri:0, instance:com.qmetry.qaf.example.test.SampleTest@e056f20]" name="testGoogleSearch3" class="com.qmetry.qaf.example.test.SampleTest"/>
        <method signature="SampleTest.testGoogleSearch4()[pri:0, instance:com.qmetry.qaf.example.test.SampleTest@e056f20]" name="testGoogleSearch4" class="com.qmetry.qaf.example.test.SampleTest"/>
        <method signature="SampleTest.testGoogleSearch41()[pri:0, instance:com.qmetry.qaf.example.test.SampleTest@e056f20]" name="testGoogleSearch41" class="com.qmetry.qaf.example.test.SampleTest"/>
        <method signature="SampleTest.testGoogleSearch5(java.lang.String)[pri:0, instance:com.qmetry.qaf.example.test.SampleTest@e056f20]" name="testGoogleSearch5" class="com.qmetry.qaf.example.test.SampleTest"/>
      </group> <!-- P1 -->
      <group name="storykey=ZAL-1">
        <method signature="SampleTest.testGoogleSearch1()[pri:0, instance:com.qmetry.qaf.example.test.SampleTest@e056f20]" name="testGoogleSearch1" class="com.qmetry.qaf.example.test.SampleTest"/>
        <method signature="SampleTest.testGoogleSearch2()[pri:0, instance:com.qmetry.qaf.example.test.SampleTest@e056f20]" name="testGoogleSearch2" class="com.qmetry.qaf.example.test.SampleTest"/>
        <method signature="SampleTest.testGoogleSearch3()[pri:0, instance:com.qmetry.qaf.example.test.SampleTest@e056f20]" name="testGoogleSearch3" class="com.qmetry.qaf.example.test.SampleTest"/>
        <method signature="SampleTest.testGoogleSearch4()[pri:0, instance:com.qmetry.qaf.example.test.SampleTest@e056f20]" name="testGoogleSearch4" class="com.qmetry.qaf.example.test.SampleTest"/>
        <method signature="SampleTest.testGoogleSearch41()[pri:0, instance:com.qmetry.qaf.example.test.SampleTest@e056f20]" name="testGoogleSearch41" class="com.qmetry.qaf.example.test.SampleTest"/>
        <method signature="SampleTest.testGoogleSearch5(java.lang.String)[pri:0, instance:com.qmetry.qaf.example.test.SampleTest@e056f20]" name="testGoogleSearch5" class="com.qmetry.qaf.example.test.SampleTest"/>
      </group> <!-- storykey=ZAL-1 -->
    </groups>
    <test name="BDD Test" duration-ms="378" started-at="2018-02-21T05:38:51Z" finished-at="2018-02-21T05:38:51Z">
      <class name="com.qmetry.qaf.automation.step.client.Scenario">
        <test-method status="SKIP" signature="SampleTest()[pri:1000, instance:com.qmetry.qaf.automation.step.client.Scenario@3e8]" test-instance-name="SampleTest" name="SampleTest" duration-ms="266" started-at="2018-02-21T11:08:51Z" description="Sample Test Scenario" finished-at="2018-02-21T11:08:51Z">
          <exception class="com.qmetry.qaf.automation.core.AutomationError">
            <message>
              <![CDATA[Timed out after 0 seconds: Unable to create driver instance in 1st attempt with retry timeout of 0 seconds. You can check/set value of 'driver.init.retry.timeout' appropriately to set retry timeout on driver initialization failure.
Driver file not exist.]]>
            </message>
            <full-stacktrace>
              <![CDATA[com.qmetry.qaf.automation.core.AutomationError: Timed out after 0 seconds: Unable to create driver instance in 1st attempt with retry timeout of 0 seconds. You can check/set value of 'driver.init.retry.timeout' appropriately to set retry timeout on driver initialization failure.
Driver file not exist.
	at .Given get '/'(scenarios/suite1.bdd:6)
	at com.qmetry.qaf.automation.ui.webdriver.ChromeDriverHelper.createAndStartService(ChromeDriverHelper.java:51)
	at com.qmetry.qaf.automation.ui.webdriver.ChromeDriverHelper.getService(ChromeDriverHelper.java:88)
	at com.qmetry.qaf.automation.ui.UiDriverFactory$Browsers.getDriver(UiDriverFactory.java:407)
	at com.qmetry.qaf.automation.ui.UiDriverFactory$Browsers.access$4(UiDriverFactory.java:398)
	at com.qmetry.qaf.automation.ui.UiDriverFactory.getDriver(UiDriverFactory.java:234)
	at com.qmetry.qaf.automation.ui.UiDriverFactory.get(UiDriverFactory.java:94)
	at com.qmetry.qaf.automation.core.QAFTestBase$DriverInitExpectedCondition.apply(QAFTestBase.java:487)
	at com.qmetry.qaf.automation.core.QAFTestBase$DriverInitExpectedCondition.apply(QAFTestBase.java:1)
	at org.openqa.selenium.support.ui.FluentWait.until(FluentWait.java:238)
	at com.qmetry.qaf.automation.core.QAFTestBase.init(QAFTestBase.java:389)
	at com.qmetry.qaf.automation.core.QAFTestBase.getUiDriver(QAFTestBase.java:177)
	at com.qmetry.qaf.automation.ui.WebDriverTestBase.getDriver(WebDriverTestBase.java:47)
	at com.qmetry.qaf.automation.step.CommonStep.get_aroundBody24(CommonStep.java:308)
	at com.qmetry.qaf.automation.step.JavaStepReporter.javaTestStep(JavaStepReporter.java:101)
	at com.qmetry.qaf.automation.step.CommonStep.get(CommonStep.java:307)
	at com.qmetry.qaf.automation.step.JavaStep.doExecute(JavaStep.java:155)
	at com.qmetry.qaf.automation.step.BaseTestStep.execute(BaseTestStep.java:149)
	at com.qmetry.qaf.automation.step.StringTestStep.execute(StringTestStep.java:134)
	at com.qmetry.qaf.automation.step.client.Scenario.execute(Scenario.java:167)
	at com.qmetry.qaf.automation.step.client.Scenario.scenario(Scenario.java:219)
	at org.apache.maven.surefire.testng.TestNGExecutor.run(TestNGExecutor.java:122)
	at org.apache.maven.surefire.testng.TestNGXmlTestSuite.execute(TestNGXmlTestSuite.java:92)
	at org.apache.maven.surefire.testng.TestNGProvider.invoke(TestNGProvider.java:101)
	at org.apache.maven.surefire.util.ReflectionUtils.invokeMethodWithArray(ReflectionUtils.java:164)
	at org.apache.maven.surefire.booter.ProviderFactory$ProviderProxy.invoke(ProviderFactory.java:110)
	at org.apache.maven.surefire.booter.SurefireStarter.invokeProvider(SurefireStarter.java:172)
	at org.apache.maven.surefire.booter.SurefireStarter.runSuitesInProcessWhenForked(SurefireStarter.java:104)
	at org.apache.maven.surefire.booter.ForkedBooter.main(ForkedBooter.java:70)
]]>
            </full-stacktrace>
          </exception> <!-- com.qmetry.qaf.automation.core.AutomationError -->
          <reporter-output>
            <line>
              <![CDATA[<div style="display:block;margin-left:10px;"><div  class="teststepfail"><span class="teststepfail-label">T </span>Given get '/'</div><div style="display:block;margin-left:10px;"><div  class="fail"><span class="fail-label">F </span>Timed out after 0 seconds: Unable to create driver instance in 1st attempt with retry timeout of 0 seconds. You can check/set value of 'driver.init.retry.timeout' appropriately to set retry timeout on driver initialization failure.
Driver file not exist.</div></div><div  class="teststep"><span class="teststep-label">T </span>When search for 'qaf github infostretch'</div><div  class="teststep"><span class="teststep-label">T </span>Then verify link with partial text 'qaf' is present</div></div>]]>
            </line>
          </reporter-output>
        </test-method> <!-- SampleTest -->
        <test-method status="PASS" signature="setup(org.testng.ITestContext)[pri:0, instance:com.qmetry.qaf.automation.step.client.Scenario@3e8]" test-instance-name="SampleTest" name="setup" is-config="true" duration-ms="0" started-at="2018-02-21T11:08:51Z" finished-at="2018-02-21T11:08:51Z">
          <params>
            <param index="0">
              <value>
                <![CDATA[org.testng.TestRunner@6c80d78a]]>
              </value>
            </param>
          </params>
          <reporter-output>
          </reporter-output>
        </test-method> <!-- setup -->
        <test-method status="PASS" signature="setupMethod(java.lang.reflect.Method, org.testng.ITestContext)[pri:0, instance:com.qmetry.qaf.automation.step.client.Scenario@3e8]" test-instance-name="SampleTest" name="setupMethod" is-config="true" duration-ms="0" started-at="2018-02-21T11:08:51Z" finished-at="2018-02-21T11:08:51Z">
          <params>
            <param index="0">
              <value>
                <![CDATA[public void com.qmetry.qaf.automation.step.client.Scenario.scenario()]]>
              </value>
            </param>
            <param index="1">
              <value>
                <![CDATA[org.testng.TestRunner@6c80d78a]]>
              </value>
            </param>
          </params>
          <reporter-output>
          </reporter-output>
        </test-method> <!-- setupMethod -->
        <test-method status="PASS" signature="setupTest(org.testng.ITestContext)[pri:0, instance:com.qmetry.qaf.automation.step.client.Scenario@3e8]" test-instance-name="SampleTest" name="setupTest" is-config="true" duration-ms="0" started-at="2018-02-21T11:08:51Z" finished-at="2018-02-21T11:08:51Z">
          <params>
            <param index="0">
              <value>
                <![CDATA[org.testng.TestRunner@6c80d78a]]>
              </value>
            </param>
          </params>
          <reporter-output>
          </reporter-output>
        </test-method> <!-- setupTest -->
        <test-method status="PASS" signature="afterMethod(org.testng.ITestContext, org.testng.ITestResult)[pri:0, instance:com.qmetry.qaf.automation.step.client.Scenario@3e8]" test-instance-name="SampleTest" name="afterMethod" is-config="true" duration-ms="1" started-at="2018-02-21T11:08:51Z" finished-at="2018-02-21T11:08:51Z">
          <params>
            <param index="0">
              <value>
                <![CDATA[org.testng.TestRunner@6c80d78a]]>
              </value>
            </param>
            <param index="1">
              <value>
                <![CDATA[[TestResult name=SampleTest status=SKIP method=scenarios.suite1.bdd.SampleTest()[pri:1000, instance:com.qmetry.qaf.automation.step.client.Scenario@3e8] output=<div style="display:block;margin-left:10px;"><div  class="teststepfail"><span class="teststepfail-label">T </span>Given get '/'</div><div style="display:block;margin-left:10px;"><div  class="fail"><span class="fail-label">F </span>Timed out after 0 seconds: Unable to create driver instance in 1st attempt with retry timeout of 0 seconds. You can check/set value of 'driver.init.retry.timeout' appropriately to set retry timeout on driver initialization failure.
Driver file not exist.</div></div><div  class="teststep"><span class="teststep-label">T </span>When search for 'qaf github infostretch'</div><div  class="teststep"><span class="teststep-label">T </span>Then verify link with partial text 'qaf' is present</div></div>]]]>
              </value>
            </param>
          </params>
          <reporter-output>
          </reporter-output>
        </test-method> <!-- afterMethod -->
        <test-method status="PASS" signature="afterClass(org.testng.ITestContext)[pri:0, instance:com.qmetry.qaf.automation.step.client.Scenario@3e8]" test-instance-name="SampleTest" name="afterClass" is-config="true" duration-ms="0" started-at="2018-02-21T11:08:51Z" finished-at="2018-02-21T11:08:51Z">
          <params>
            <param index="0">
              <value>
                <![CDATA[org.testng.TestRunner@6c80d78a]]>
              </value>
            </param>
          </params>
          <reporter-output>
          </reporter-output>
        </test-method> <!-- afterClass -->
        <test-method status="PASS" signature="afterTest(org.testng.ITestContext)[pri:0, instance:com.qmetry.qaf.automation.step.client.Scenario@3e8]" test-instance-name="SampleTest" name="afterTest" is-config="true" duration-ms="1" started-at="2018-02-21T11:08:51Z" finished-at="2018-02-21T11:08:51Z">
          <params>
            <param index="0">
              <value>
                <![CDATA[org.testng.TestRunner@6c80d78a]]>
              </value>
            </param>
          </params>
          <reporter-output>
          </reporter-output>
        </test-method> <!-- afterTest -->
      </class> <!-- com.qmetry.qaf.automation.step.client.Scenario -->
    </test> <!-- BDD Test -->
    <test name="java Test2" duration-ms="848" started-at="2018-02-21T05:38:51Z" finished-at="2018-02-21T05:38:52Z">
      <class name="com.qmetry.qaf.example.test.SampleTest">
        <test-method status="PASS" signature="setupSuit(org.testng.ITestContext)[pri:0, instance:com.qmetry.qaf.example.test.SampleTest@e056f20]" name="setupSuit" is-config="true" duration-ms="47" started-at="2018-02-21T11:08:50Z" finished-at="2018-02-21T11:08:51Z">
          <params>
            <param index="0">
              <value>
                <![CDATA[org.testng.TestRunner@4d9e68d0]]>
              </value>
            </param>
          </params>
          <reporter-output>
          </reporter-output>
        </test-method> <!-- setupSuit -->
        <test-method status="PASS" signature="setupTest(org.testng.ITestContext)[pri:0, instance:com.qmetry.qaf.example.test.SampleTest@e056f20]" name="setupTest" is-config="true" duration-ms="1" started-at="2018-02-21T11:08:51Z" finished-at="2018-02-21T11:08:51Z">
          <params>
            <param index="0">
              <value>
                <![CDATA[org.testng.TestRunner@4d9e68d0]]>
              </value>
            </param>
          </params>
          <reporter-output>
          </reporter-output>
        </test-method> <!-- setupTest -->
        <test-method status="PASS" signature="setup(org.testng.ITestContext)[pri:0, instance:com.qmetry.qaf.example.test.SampleTest@e056f20]" name="setup" is-config="true" duration-ms="1" started-at="2018-02-21T11:08:51Z" finished-at="2018-02-21T11:08:51Z">
          <params>
            <param index="0">
              <value>
                <![CDATA[org.testng.TestRunner@4d9e68d0]]>
              </value>
            </param>
          </params>
          <reporter-output>
          </reporter-output>
        </test-method> <!-- setup -->
        <test-method status="PASS" signature="setupMethod(java.lang.reflect.Method, org.testng.ITestContext)[pri:0, instance:com.qmetry.qaf.example.test.SampleTest@e056f20]" name="setupMethod" is-config="true" duration-ms="1" started-at="2018-02-21T11:08:51Z" finished-at="2018-02-21T11:08:51Z">
          <params>
            <param index="0">
              <value>
                <![CDATA[public void com.qmetry.qaf.example.test.SampleTest.testGoogleSearch5(java.lang.String)]]>
              </value>
            </param>
            <param index="1">
              <value>
                <![CDATA[org.testng.TestRunner@4d9e68d0]]>
              </value>
            </param>
          </params>
          <reporter-output>
          </reporter-output>
        </test-method> <!-- setupMethod -->
        <test-method status="PASS" signature="testGoogleSearch5(java.lang.String)[pri:0, instance:com.qmetry.qaf.example.test.SampleTest@e056f20]" name="testGoogleSearch5" duration-ms="3" started-at="2018-02-21T11:08:51Z" finished-at="2018-02-21T11:08:51Z">
          <params>
            <param index="0">
              <value>
                <![CDATA[R]]>
              </value>
            </param>
          </params>
          <reporter-output>
            <line>
              <![CDATA[<div style="display:block;margin-left:10px;"></div>]]>
            </line>
          </reporter-output>
        </test-method> <!-- testGoogleSearch5 -->
        <test-method status="PASS" signature="afterMethod(org.testng.ITestContext, org.testng.ITestResult)[pri:0, instance:com.qmetry.qaf.example.test.SampleTest@e056f20]" name="afterMethod" is-config="true" duration-ms="1" started-at="2018-02-21T11:08:51Z" finished-at="2018-02-21T11:08:51Z">
          <params>
            <param index="0">
              <value>
                <![CDATA[org.testng.TestRunner@4d9e68d0]]>
              </value>
            </param>
            <param index="1">
              <value>
                <![CDATA[[TestResult name=testGoogleSearch5 status=SUCCESS method=SampleTest.testGoogleSearch5(java.lang.String)[pri:0, instance:com.qmetry.qaf.example.test.SampleTest@e056f20] output=<div style="display:block;margin-left:10px;"></div>]]]>
              </value>
            </param>
          </params>
          <reporter-output>
          </reporter-output>
        </test-method> <!-- afterMethod -->
        <test-method status="PASS" signature="setupMethod(java.lang.reflect.Method, org.testng.ITestContext)[pri:0, instance:com.qmetry.qaf.example.test.SampleTest@e056f20]" name="setupMethod" is-config="true" duration-ms="1" started-at="2018-02-21T11:08:51Z" finished-at="2018-02-21T11:08:51Z">
          <params>
            <param index="0">
              <value>
                <![CDATA[public void com.qmetry.qaf.example.test.SampleTest.testGoogleSearch5(java.lang.String)]]>
              </value>
            </param>
            <param index="1">
              <value>
                <![CDATA[org.testng.TestRunner@4d9e68d0]]>
              </value>
            </param>
          </params>
          <reporter-output>
          </reporter-output>
        </test-method> <!-- setupMethod -->
        <test-method status="PASS" signature="testGoogleSearch5(java.lang.String)[pri:0, instance:com.qmetry.qaf.example.test.SampleTest@e056f20]" name="testGoogleSearch5" duration-ms="1" started-at="2018-02-21T11:08:51Z" finished-at="2018-02-21T11:08:51Z">
          <params>
            <param index="0">
              <value>
                <![CDATA[S]]>
              </value>
            </param>
          </params>
          <reporter-output>
            <line>
              <![CDATA[<div style="display:block;margin-left:10px;"></div>]]>
            </line>
          </reporter-output>
        </test-method> <!-- testGoogleSearch5 -->
        <test-method status="PASS" signature="afterMethod(org.testng.ITestContext, org.testng.ITestResult)[pri:0, instance:com.qmetry.qaf.example.test.SampleTest@e056f20]" name="afterMethod" is-config="true" duration-ms="0" started-at="2018-02-21T11:08:51Z" finished-at="2018-02-21T11:08:51Z">
          <params>
            <param index="0">
              <value>
                <![CDATA[org.testng.TestRunner@4d9e68d0]]>
              </value>
            </param>
            <param index="1">
              <value>
                <![CDATA[[TestResult name=testGoogleSearch5 status=SUCCESS method=SampleTest.testGoogleSearch5(java.lang.String)[pri:0, instance:com.qmetry.qaf.example.test.SampleTest@e056f20] output=<div style="display:block;margin-left:10px;"></div>]]]>
              </value>
            </param>
          </params>
          <reporter-output>
          </reporter-output>
        </test-method> <!-- afterMethod -->
        <test-method status="SKIP" signature="testGoogleSearch41()[pri:0, instance:com.qmetry.qaf.example.test.SampleTest@e056f20]" name="testGoogleSearch41" duration-ms="0" started-at="2018-02-21T11:08:51Z" finished-at="2018-02-21T11:08:51Z">
          <exception class="com.qmetry.qaf.automation.core.AutomationError">
            <message>
              <![CDATA[Timed out after 0 seconds: Unable to create driver instance in 1st attempt with retry timeout of 0 seconds. You can check/set value of 'driver.init.retry.timeout' appropriately to set retry timeout on driver initialization failure.
Driver file not exist.]]>
            </message>
            <full-stacktrace>
              <![CDATA[com.qmetry.qaf.automation.core.AutomationError: Timed out after 0 seconds: Unable to create driver instance in 1st attempt with retry timeout of 0 seconds. You can check/set value of 'driver.init.retry.timeout' appropriately to set retry timeout on driver initialization failure.
Driver file not exist.
	at com.qmetry.qaf.automation.ui.webdriver.ChromeDriverHelper.createAndStartService(ChromeDriverHelper.java:51)
	at com.qmetry.qaf.automation.ui.webdriver.ChromeDriverHelper.getService(ChromeDriverHelper.java:88)
	at com.qmetry.qaf.automation.ui.UiDriverFactory$Browsers.getDriver(UiDriverFactory.java:407)
	at com.qmetry.qaf.automation.ui.UiDriverFactory$Browsers.access$4(UiDriverFactory.java:398)
	at com.qmetry.qaf.automation.ui.UiDriverFactory.getDriver(UiDriverFactory.java:234)
	at com.qmetry.qaf.automation.ui.UiDriverFactory.get(UiDriverFactory.java:94)
	at com.qmetry.qaf.automation.core.QAFTestBase$DriverInitExpectedCondition.apply(QAFTestBase.java:487)
	at com.qmetry.qaf.automation.core.QAFTestBase$DriverInitExpectedCondition.apply(QAFTestBase.java:1)
	at org.openqa.selenium.support.ui.FluentWait.until(FluentWait.java:238)
	at com.qmetry.qaf.automation.core.QAFTestBase.init(QAFTestBase.java:389)
	at com.qmetry.qaf.automation.core.QAFTestBase.getUiDriver(QAFTestBase.java:177)
	at com.qmetry.qaf.automation.ui.WebDriverTestBase.getDriver(WebDriverTestBase.java:47)
	at com.qmetry.qaf.automation.step.CommonStep.get_aroundBody24(CommonStep.java:308)
	at com.qmetry.qaf.automation.step.CommonStep$AjcClosure25.run(CommonStep.java:1)
	at org.aspectj.runtime.reflect.JoinPointImpl.proceed(JoinPointImpl.java:149)
	at com.qmetry.qaf.automation.step.JavaStepReporter$MockJavaStep.doExecute(JavaStepReporter.java:138)
	at com.qmetry.qaf.automation.step.BaseTestStep.execute(BaseTestStep.java:149)
	at com.qmetry.qaf.automation.step.JavaStepReporter.javaTestStep(JavaStepReporter.java:88)
	at com.qmetry.qaf.automation.step.CommonStep.get(CommonStep.java:307)
	at com.qmetry.qaf.example.test.SampleTest.testGoogleSearch41(SampleTest.java:26)
	at sun.reflect.NativeMethodAccessorImpl.invoke0(Native Method)
	at sun.reflect.NativeMethodAccessorImpl.invoke(NativeMethodAccessorImpl.java:62)
	at sun.reflect.DelegatingMethodAccessorImpl.invoke(DelegatingMethodAccessorImpl.java:43)
	at java.lang.reflect.Method.invoke(Method.java:498)
	at org.testng.internal.MethodInvocationHelper.invokeMethod(MethodInvocationHelper.java:86)
	at org.testng.internal.Invoker.invokeMethod(Invoker.java:643)
	at org.testng.internal.Invoker.invokeTestMethod(Invoker.java:820)
	at org.testng.internal.Invoker.invokeTestMethods(Invoker.java:1128)
	at org.testng.internal.TestMethodWorker.invokeTestMethods(TestMethodWorker.java:129)
	at org.testng.internal.TestMethodWorker.run(TestMethodWorker.java:112)
	at org.testng.TestRunner.privateRun(TestRunner.java:805)
	at org.testng.TestRunner.run(TestRunner.java:655)
	at org.testng.SuiteRunner.runTest(SuiteRunner.java:366)
	at org.testng.SuiteRunner.runSequentially(SuiteRunner.java:361)
	at org.testng.SuiteRunner.privateRun(SuiteRunner.java:319)
	at org.testng.SuiteRunner.run(SuiteRunner.java:268)
	at org.testng.SuiteRunnerWorker.runSuite(SuiteRunnerWorker.java:52)
	at org.testng.SuiteRunnerWorker.run(SuiteRunnerWorker.java:86)
	at org.testng.TestNG.runSuitesSequentially(TestNG.java:1244)
	at org.testng.TestNG.runSuitesLocally(TestNG.java:1169)
	at org.testng.TestNG.run(TestNG.java:1064)
	at org.apache.maven.surefire.testng.TestNGExecutor.run(TestNGExecutor.java:122)
	at org.apache.maven.surefire.testng.TestNGXmlTestSuite.execute(TestNGXmlTestSuite.java:92)
	at org.apache.maven.surefire.testng.TestNGProvider.invoke(TestNGProvider.java:101)
	at sun.reflect.NativeMethodAccessorImpl.invoke0(Native Method)
	at sun.reflect.NativeMethodAccessorImpl.invoke(NativeMethodAccessorImpl.java:62)
	at sun.reflect.DelegatingMethodAccessorImpl.invoke(DelegatingMethodAccessorImpl.java:43)
	at java.lang.reflect.Method.invoke(Method.java:498)
	at org.apache.maven.surefire.util.ReflectionUtils.invokeMethodWithArray(ReflectionUtils.java:164)
	at org.apache.maven.surefire.booter.ProviderFactory$ProviderProxy.invoke(ProviderFactory.java:110)
	at org.apache.maven.surefire.booter.SurefireStarter.invokeProvider(SurefireStarter.java:172)
	at org.apache.maven.surefire.booter.SurefireStarter.runSuitesInProcessWhenForked(SurefireStarter.java:104)
	at org.apache.maven.surefire.booter.ForkedBooter.main(ForkedBooter.java:70)
]]>
            </full-stacktrace>
          </exception> <!-- com.qmetry.qaf.automation.core.AutomationError -->
          <reporter-output>
            <line>
              <![CDATA[<div style="display:block;margin-left:10px;"><div  class="teststepfail"><span class="teststepfail-label">T </span>get '/'</div><div style="display:block;margin-left:10px;"><div  class="fail"><span class="fail-label">F </span>com.qmetry.qaf.automation.core.AutomationError: Timed out after 0 seconds: Unable to create driver instance in 1st attempt with retry timeout of 0 seconds. You can check/set value of 'driver.init.retry.timeout' appropriately to set retry timeout on driver initialization failure.
Driver file not exist.</div></div></div>]]>
            </line>
          </reporter-output>
        </test-method> <!-- testGoogleSearch41 -->
        <test-method status="PASS" signature="setupMethod(java.lang.reflect.Method, org.testng.ITestContext)[pri:0, instance:com.qmetry.qaf.example.test.SampleTest@e056f20]" name="setupMethod" is-config="true" duration-ms="0" started-at="2018-02-21T11:08:51Z" finished-at="2018-02-21T11:08:51Z">
          <params>
            <param index="0">
              <value>
                <![CDATA[public void com.qmetry.qaf.example.test.SampleTest.testGoogleSearch41()]]>
              </value>
            </param>
            <param index="1">
              <value>
                <![CDATA[org.testng.TestRunner@4d9e68d0]]>
              </value>
            </param>
          </params>
          <reporter-output>
          </reporter-output>
        </test-method> <!-- setupMethod -->
        <test-method status="SKIP" signature="testGoogleSearch4()[pri:0, instance:com.qmetry.qaf.example.test.SampleTest@e056f20]" name="testGoogleSearch4" duration-ms="0" started-at="2018-02-21T11:08:52Z" finished-at="2018-02-21T11:08:52Z">
          <exception class="com.qmetry.qaf.automation.core.AutomationError">
            <message>
              <![CDATA[Timed out after 0 seconds: Unable to create driver instance in 1st attempt with retry timeout of 0 seconds. You can check/set value of 'driver.init.retry.timeout' appropriately to set retry timeout on driver initialization failure.
Driver file not exist.]]>
            </message>
            <full-stacktrace>
              <![CDATA[com.qmetry.qaf.automation.core.AutomationError: Timed out after 0 seconds: Unable to create driver instance in 1st attempt with retry timeout of 0 seconds. You can check/set value of 'driver.init.retry.timeout' appropriately to set retry timeout on driver initialization failure.
Driver file not exist.
	at com.qmetry.qaf.automation.ui.webdriver.ChromeDriverHelper.createAndStartService(ChromeDriverHelper.java:51)
	at com.qmetry.qaf.automation.ui.webdriver.ChromeDriverHelper.getService(ChromeDriverHelper.java:88)
	at com.qmetry.qaf.automation.ui.UiDriverFactory$Browsers.getDriver(UiDriverFactory.java:407)
	at com.qmetry.qaf.automation.ui.UiDriverFactory$Browsers.access$4(UiDriverFactory.java:398)
	at com.qmetry.qaf.automation.ui.UiDriverFactory.getDriver(UiDriverFactory.java:234)
	at com.qmetry.qaf.automation.ui.UiDriverFactory.get(UiDriverFactory.java:94)
	at com.qmetry.qaf.automation.core.QAFTestBase$DriverInitExpectedCondition.apply(QAFTestBase.java:487)
	at com.qmetry.qaf.automation.core.QAFTestBase$DriverInitExpectedCondition.apply(QAFTestBase.java:1)
	at org.openqa.selenium.support.ui.FluentWait.until(FluentWait.java:238)
	at com.qmetry.qaf.automation.core.QAFTestBase.init(QAFTestBase.java:389)
	at com.qmetry.qaf.automation.core.QAFTestBase.getUiDriver(QAFTestBase.java:177)
	at com.qmetry.qaf.automation.ui.WebDriverTestBase.getDriver(WebDriverTestBase.java:47)
	at com.qmetry.qaf.automation.step.CommonStep.get_aroundBody24(CommonStep.java:308)
	at com.qmetry.qaf.automation.step.CommonStep$AjcClosure25.run(CommonStep.java:1)
	at org.aspectj.runtime.reflect.JoinPointImpl.proceed(JoinPointImpl.java:149)
	at com.qmetry.qaf.automation.step.JavaStepReporter$MockJavaStep.doExecute(JavaStepReporter.java:138)
	at com.qmetry.qaf.automation.step.BaseTestStep.execute(BaseTestStep.java:149)
	at com.qmetry.qaf.automation.step.JavaStepReporter.javaTestStep(JavaStepReporter.java:88)
	at com.qmetry.qaf.automation.step.CommonStep.get(CommonStep.java:307)
	at com.qmetry.qaf.example.test.SampleTest.testGoogleSearch4(SampleTest.java:19)
	at sun.reflect.NativeMethodAccessorImpl.invoke0(Native Method)
	at sun.reflect.NativeMethodAccessorImpl.invoke(NativeMethodAccessorImpl.java:62)
	at sun.reflect.DelegatingMethodAccessorImpl.invoke(DelegatingMethodAccessorImpl.java:43)
	at java.lang.reflect.Method.invoke(Method.java:498)
	at org.testng.internal.MethodInvocationHelper.invokeMethod(MethodInvocationHelper.java:86)
	at org.testng.internal.Invoker.invokeMethod(Invoker.java:643)
	at org.testng.internal.Invoker.invokeTestMethod(Invoker.java:820)
	at org.testng.internal.Invoker.invokeTestMethods(Invoker.java:1128)
	at org.testng.internal.TestMethodWorker.invokeTestMethods(TestMethodWorker.java:129)
	at org.testng.internal.TestMethodWorker.run(TestMethodWorker.java:112)
	at org.testng.TestRunner.privateRun(TestRunner.java:805)
	at org.testng.TestRunner.run(TestRunner.java:655)
	at org.testng.SuiteRunner.runTest(SuiteRunner.java:366)
	at org.testng.SuiteRunner.runSequentially(SuiteRunner.java:361)
	at org.testng.SuiteRunner.privateRun(SuiteRunner.java:319)
	at org.testng.SuiteRunner.run(SuiteRunner.java:268)
	at org.testng.SuiteRunnerWorker.runSuite(SuiteRunnerWorker.java:52)
	at org.testng.SuiteRunnerWorker.run(SuiteRunnerWorker.java:86)
	at org.testng.TestNG.runSuitesSequentially(TestNG.java:1244)
	at org.testng.TestNG.runSuitesLocally(TestNG.java:1169)
	at org.testng.TestNG.run(TestNG.java:1064)
	at org.apache.maven.surefire.testng.TestNGExecutor.run(TestNGExecutor.java:122)
	at org.apache.maven.surefire.testng.TestNGXmlTestSuite.execute(TestNGXmlTestSuite.java:92)
	at org.apache.maven.surefire.testng.TestNGProvider.invoke(TestNGProvider.java:101)
	at sun.reflect.NativeMethodAccessorImpl.invoke0(Native Method)
	at sun.reflect.NativeMethodAccessorImpl.invoke(NativeMethodAccessorImpl.java:62)
	at sun.reflect.DelegatingMethodAccessorImpl.invoke(DelegatingMethodAccessorImpl.java:43)
	at java.lang.reflect.Method.invoke(Method.java:498)
	at org.apache.maven.surefire.util.ReflectionUtils.invokeMethodWithArray(ReflectionUtils.java:164)
	at org.apache.maven.surefire.booter.ProviderFactory$ProviderProxy.invoke(ProviderFactory.java:110)
	at org.apache.maven.surefire.booter.SurefireStarter.invokeProvider(SurefireStarter.java:172)
	at org.apache.maven.surefire.booter.SurefireStarter.runSuitesInProcessWhenForked(SurefireStarter.java:104)
	at org.apache.maven.surefire.booter.ForkedBooter.main(ForkedBooter.java:70)
]]>
            </full-stacktrace>
          </exception> <!-- com.qmetry.qaf.automation.core.AutomationError -->
          <reporter-output>
            <line>
              <![CDATA[<div style="display:block;margin-left:10px;"><div  class="teststepfail"><span class="teststepfail-label">T </span>get '/'</div><div style="display:block;margin-left:10px;"><div  class="fail"><span class="fail-label">F </span>com.qmetry.qaf.automation.core.AutomationError: Timed out after 0 seconds: Unable to create driver instance in 1st attempt with retry timeout of 0 seconds. You can check/set value of 'driver.init.retry.timeout' appropriately to set retry timeout on driver initialization failure.
Driver file not exist.</div></div></div>]]>
            </line>
          </reporter-output>
        </test-method> <!-- testGoogleSearch4 -->
        <test-method status="PASS" signature="setupMethod(java.lang.reflect.Method, org.testng.ITestContext)[pri:0, instance:com.qmetry.qaf.example.test.SampleTest@e056f20]" name="setupMethod" is-config="true" duration-ms="0" started-at="2018-02-21T11:08:52Z" finished-at="2018-02-21T11:08:52Z">
          <params>
            <param index="0">
              <value>
                <![CDATA[public void com.qmetry.qaf.example.test.SampleTest.testGoogleSearch4()]]>
              </value>
            </param>
            <param index="1">
              <value>
                <![CDATA[org.testng.TestRunner@4d9e68d0]]>
              </value>
            </param>
          </params>
          <reporter-output>
          </reporter-output>
        </test-method> <!-- setupMethod -->
        <test-method status="PASS" signature="afterMethod(org.testng.ITestContext, org.testng.ITestResult)[pri:0, instance:com.qmetry.qaf.example.test.SampleTest@e056f20]" name="afterMethod" is-config="true" duration-ms="0" started-at="2018-02-21T11:08:52Z" finished-at="2018-02-21T11:08:52Z">
          <params>
            <param index="0">
              <value>
                <![CDATA[org.testng.TestRunner@4d9e68d0]]>
              </value>
            </param>
            <param index="1">
              <value>
                <![CDATA[[TestResult name=testGoogleSearch41 status=SKIP method=SampleTest.testGoogleSearch41()[pri:0, instance:com.qmetry.qaf.example.test.SampleTest@e056f20] output=<div style="display:block;margin-left:10px;"><div  class="teststepfail"><span class="teststepfail-label">T </span>get '/'</div><div style="display:block;margin-left:10px;"><div  class="fail"><span class="fail-label">F </span>com.qmetry.qaf.automation.core.AutomationError: Timed out after 0 seconds: Unable to create driver instance in 1st attempt with retry timeout of 0 seconds. You can check/set value of 'driver.init.retry.timeout' appropriately to set retry timeout on driver initialization failure.
Driver file not exist.</div></div></div>]]]>
              </value>
            </param>
          </params>
          <reporter-output>
          </reporter-output>
        </test-method> <!-- afterMethod -->
        <test-method status="SKIP" signature="testGoogleSearch3()[pri:0, instance:com.qmetry.qaf.example.test.SampleTest@e056f20]" name="testGoogleSearch3" duration-ms="0" started-at="2018-02-21T11:08:52Z" finished-at="2018-02-21T11:08:52Z">
          <exception class="com.qmetry.qaf.automation.core.AutomationError">
            <message>
              <![CDATA[Timed out after 0 seconds: Unable to create driver instance in 1st attempt with retry timeout of 0 seconds. You can check/set value of 'driver.init.retry.timeout' appropriately to set retry timeout on driver initialization failure.
Driver file not exist.]]>
            </message>
            <full-stacktrace>
              <![CDATA[com.qmetry.qaf.automation.core.AutomationError: Timed out after 0 seconds: Unable to create driver instance in 1st attempt with retry timeout of 0 seconds. You can check/set value of 'driver.init.retry.timeout' appropriately to set retry timeout on driver initialization failure.
Driver file not exist.
	at com.qmetry.qaf.automation.ui.webdriver.ChromeDriverHelper.createAndStartService(ChromeDriverHelper.java:51)
	at com.qmetry.qaf.automation.ui.webdriver.ChromeDriverHelper.getService(ChromeDriverHelper.java:88)
	at com.qmetry.qaf.automation.ui.UiDriverFactory$Browsers.getDriver(UiDriverFactory.java:407)
	at com.qmetry.qaf.automation.ui.UiDriverFactory$Browsers.access$4(UiDriverFactory.java:398)
	at com.qmetry.qaf.automation.ui.UiDriverFactory.getDriver(UiDriverFactory.java:234)
	at com.qmetry.qaf.automation.ui.UiDriverFactory.get(UiDriverFactory.java:94)
	at com.qmetry.qaf.automation.core.QAFTestBase$DriverInitExpectedCondition.apply(QAFTestBase.java:487)
	at com.qmetry.qaf.automation.core.QAFTestBase$DriverInitExpectedCondition.apply(QAFTestBase.java:1)
	at org.openqa.selenium.support.ui.FluentWait.until(FluentWait.java:238)
	at com.qmetry.qaf.automation.core.QAFTestBase.init(QAFTestBase.java:389)
	at com.qmetry.qaf.automation.core.QAFTestBase.getUiDriver(QAFTestBase.java:177)
	at com.qmetry.qaf.automation.ui.WebDriverTestBase.getDriver(WebDriverTestBase.java:47)
	at com.qmetry.qaf.automation.step.CommonStep.get_aroundBody24(CommonStep.java:308)
	at com.qmetry.qaf.automation.step.CommonStep$AjcClosure25.run(CommonStep.java:1)
	at org.aspectj.runtime.reflect.JoinPointImpl.proceed(JoinPointImpl.java:149)
	at com.qmetry.qaf.automation.step.JavaStepReporter$MockJavaStep.doExecute(JavaStepReporter.java:138)
	at com.qmetry.qaf.automation.step.BaseTestStep.execute(BaseTestStep.java:149)
	at com.qmetry.qaf.automation.step.JavaStepReporter.javaTestStep(JavaStepReporter.java:88)
	at com.qmetry.qaf.automation.step.CommonStep.get(CommonStep.java:307)
	at com.qmetry.qaf.example.test.SampleTest.testGoogleSearch3(SampleTest.java:47)
	at sun.reflect.NativeMethodAccessorImpl.invoke0(Native Method)
	at sun.reflect.NativeMethodAccessorImpl.invoke(NativeMethodAccessorImpl.java:62)
	at sun.reflect.DelegatingMethodAccessorImpl.invoke(DelegatingMethodAccessorImpl.java:43)
	at java.lang.reflect.Method.invoke(Method.java:498)
	at org.testng.internal.MethodInvocationHelper.invokeMethod(MethodInvocationHelper.java:86)
	at org.testng.internal.Invoker.invokeMethod(Invoker.java:643)
	at org.testng.internal.Invoker.invokeTestMethod(Invoker.java:820)
	at org.testng.internal.Invoker.invokeTestMethods(Invoker.java:1128)
	at org.testng.internal.TestMethodWorker.invokeTestMethods(TestMethodWorker.java:129)
	at org.testng.internal.TestMethodWorker.run(TestMethodWorker.java:112)
	at org.testng.TestRunner.privateRun(TestRunner.java:805)
	at org.testng.TestRunner.run(TestRunner.java:655)
	at org.testng.SuiteRunner.runTest(SuiteRunner.java:366)
	at org.testng.SuiteRunner.runSequentially(SuiteRunner.java:361)
	at org.testng.SuiteRunner.privateRun(SuiteRunner.java:319)
	at org.testng.SuiteRunner.run(SuiteRunner.java:268)
	at org.testng.SuiteRunnerWorker.runSuite(SuiteRunnerWorker.java:52)
	at org.testng.SuiteRunnerWorker.run(SuiteRunnerWorker.java:86)
	at org.testng.TestNG.runSuitesSequentially(TestNG.java:1244)
	at org.testng.TestNG.runSuitesLocally(TestNG.java:1169)
	at org.testng.TestNG.run(TestNG.java:1064)
	at org.apache.maven.surefire.testng.TestNGExecutor.run(TestNGExecutor.java:122)
	at org.apache.maven.surefire.testng.TestNGXmlTestSuite.execute(TestNGXmlTestSuite.java:92)
	at org.apache.maven.surefire.testng.TestNGProvider.invoke(TestNGProvider.java:101)
	at sun.reflect.NativeMethodAccessorImpl.invoke0(Native Method)
	at sun.reflect.NativeMethodAccessorImpl.invoke(NativeMethodAccessorImpl.java:62)
	at sun.reflect.DelegatingMethodAccessorImpl.invoke(DelegatingMethodAccessorImpl.java:43)
	at java.lang.reflect.Method.invoke(Method.java:498)
	at org.apache.maven.surefire.util.ReflectionUtils.invokeMethodWithArray(ReflectionUtils.java:164)
	at org.apache.maven.surefire.booter.ProviderFactory$ProviderProxy.invoke(ProviderFactory.java:110)
	at org.apache.maven.surefire.booter.SurefireStarter.invokeProvider(SurefireStarter.java:172)
	at org.apache.maven.surefire.booter.SurefireStarter.runSuitesInProcessWhenForked(SurefireStarter.java:104)
	at org.apache.maven.surefire.booter.ForkedBooter.main(ForkedBooter.java:70)
]]>
            </full-stacktrace>
          </exception> <!-- com.qmetry.qaf.automation.core.AutomationError -->
          <reporter-output>
            <line>
              <![CDATA[<div style="display:block;margin-left:10px;"><div  class="teststepfail"><span class="teststepfail-label">T </span>get '/'</div><div style="display:block;margin-left:10px;"><div  class="fail"><span class="fail-label">F </span>com.qmetry.qaf.automation.core.AutomationError: Timed out after 0 seconds: Unable to create driver instance in 1st attempt with retry timeout of 0 seconds. You can check/set value of 'driver.init.retry.timeout' appropriately to set retry timeout on driver initialization failure.
Driver file not exist.</div></div></div>]]>
            </line>
          </reporter-output>
        </test-method> <!-- testGoogleSearch3 -->
        <test-method status="PASS" signature="afterMethod(org.testng.ITestContext, org.testng.ITestResult)[pri:0, instance:com.qmetry.qaf.example.test.SampleTest@e056f20]" name="afterMethod" is-config="true" duration-ms="0" started-at="2018-02-21T11:08:52Z" finished-at="2018-02-21T11:08:52Z">
          <params>
            <param index="0">
              <value>
                <![CDATA[org.testng.TestRunner@4d9e68d0]]>
              </value>
            </param>
            <param index="1">
              <value>
                <![CDATA[[TestResult name=testGoogleSearch4 status=SKIP method=SampleTest.testGoogleSearch4()[pri:0, instance:com.qmetry.qaf.example.test.SampleTest@e056f20] output=<div style="display:block;margin-left:10px;"><div  class="teststepfail"><span class="teststepfail-label">T </span>get '/'</div><div style="display:block;margin-left:10px;"><div  class="fail"><span class="fail-label">F </span>com.qmetry.qaf.automation.core.AutomationError: Timed out after 0 seconds: Unable to create driver instance in 1st attempt with retry timeout of 0 seconds. You can check/set value of 'driver.init.retry.timeout' appropriately to set retry timeout on driver initialization failure.
Driver file not exist.</div></div></div>]]]>
              </value>
            </param>
          </params>
          <reporter-output>
          </reporter-output>
        </test-method> <!-- afterMethod -->
        <test-method status="PASS" signature="setupMethod(java.lang.reflect.Method, org.testng.ITestContext)[pri:0, instance:com.qmetry.qaf.example.test.SampleTest@e056f20]" name="setupMethod" is-config="true" duration-ms="0" started-at="2018-02-21T11:08:52Z" finished-at="2018-02-21T11:08:52Z">
          <params>
            <param index="0">
              <value>
                <![CDATA[public void com.qmetry.qaf.example.test.SampleTest.testGoogleSearch3()]]>
              </value>
            </param>
            <param index="1">
              <value>
                <![CDATA[org.testng.TestRunner@4d9e68d0]]>
              </value>
            </param>
          </params>
          <reporter-output>
          </reporter-output>
        </test-method> <!-- setupMethod -->
        <test-method status="PASS" signature="setupMethod(java.lang.reflect.Method, org.testng.ITestContext)[pri:0, instance:com.qmetry.qaf.example.test.SampleTest@e056f20]" name="setupMethod" is-config="true" duration-ms="15" started-at="2018-02-21T11:08:52Z" finished-at="2018-02-21T11:08:52Z">
          <params>
            <param index="0">
              <value>
                <![CDATA[public void com.qmetry.qaf.example.test.SampleTest.testGoogleSearch2()]]>
              </value>
            </param>
            <param index="1">
              <value>
                <![CDATA[org.testng.TestRunner@4d9e68d0]]>
              </value>
            </param>
          </params>
          <reporter-output>
          </reporter-output>
        </test-method> <!-- setupMethod -->
        <test-method status="PASS" signature="afterMethod(org.testng.ITestContext, org.testng.ITestResult)[pri:0, instance:com.qmetry.qaf.example.test.SampleTest@e056f20]" name="afterMethod" is-config="true" duration-ms="0" started-at="2018-02-21T11:08:52Z" finished-at="2018-02-21T11:08:52Z">
          <params>
            <param index="0">
              <value>
                <![CDATA[org.testng.TestRunner@4d9e68d0]]>
              </value>
            </param>
            <param index="1">
              <value>
                <![CDATA[[TestResult name=testGoogleSearch3 status=SKIP method=SampleTest.testGoogleSearch3()[pri:0, instance:com.qmetry.qaf.example.test.SampleTest@e056f20] output=<div style="display:block;margin-left:10px;"><div  class="teststepfail"><span class="teststepfail-label">T </span>get '/'</div><div style="display:block;margin-left:10px;"><div  class="fail"><span class="fail-label">F </span>com.qmetry.qaf.automation.core.AutomationError: Timed out after 0 seconds: Unable to create driver instance in 1st attempt with retry timeout of 0 seconds. You can check/set value of 'driver.init.retry.timeout' appropriately to set retry timeout on driver initialization failure.
Driver file not exist.</div></div></div>]]]>
              </value>
            </param>
          </params>
          <reporter-output>
          </reporter-output>
        </test-method> <!-- afterMethod -->
        <test-method status="SKIP" signature="testGoogleSearch2()[pri:0, instance:com.qmetry.qaf.example.test.SampleTest@e056f20]" name="testGoogleSearch2" duration-ms="0" started-at="2018-02-21T11:08:52Z" finished-at="2018-02-21T11:08:52Z">
          <exception class="com.qmetry.qaf.automation.core.AutomationError">
            <message>
              <![CDATA[Timed out after 0 seconds: Unable to create driver instance in 1st attempt with retry timeout of 0 seconds. You can check/set value of 'driver.init.retry.timeout' appropriately to set retry timeout on driver initialization failure.
Driver file not exist.]]>
            </message>
            <full-stacktrace>
              <![CDATA[com.qmetry.qaf.automation.core.AutomationError: Timed out after 0 seconds: Unable to create driver instance in 1st attempt with retry timeout of 0 seconds. You can check/set value of 'driver.init.retry.timeout' appropriately to set retry timeout on driver initialization failure.
Driver file not exist.
	at com.qmetry.qaf.automation.ui.webdriver.ChromeDriverHelper.createAndStartService(ChromeDriverHelper.java:51)
	at com.qmetry.qaf.automation.ui.webdriver.ChromeDriverHelper.getService(ChromeDriverHelper.java:88)
	at com.qmetry.qaf.automation.ui.UiDriverFactory$Browsers.getDriver(UiDriverFactory.java:407)
	at com.qmetry.qaf.automation.ui.UiDriverFactory$Browsers.access$4(UiDriverFactory.java:398)
	at com.qmetry.qaf.automation.ui.UiDriverFactory.getDriver(UiDriverFactory.java:234)
	at com.qmetry.qaf.automation.ui.UiDriverFactory.get(UiDriverFactory.java:94)
	at com.qmetry.qaf.automation.core.QAFTestBase$DriverInitExpectedCondition.apply(QAFTestBase.java:487)
	at com.qmetry.qaf.automation.core.QAFTestBase$DriverInitExpectedCondition.apply(QAFTestBase.java:1)
	at org.openqa.selenium.support.ui.FluentWait.until(FluentWait.java:238)
	at com.qmetry.qaf.automation.core.QAFTestBase.init(QAFTestBase.java:389)
	at com.qmetry.qaf.automation.core.QAFTestBase.getUiDriver(QAFTestBase.java:177)
	at com.qmetry.qaf.automation.ui.WebDriverTestBase.getDriver(WebDriverTestBase.java:47)
	at com.qmetry.qaf.automation.step.CommonStep.get_aroundBody24(CommonStep.java:308)
	at com.qmetry.qaf.automation.step.CommonStep$AjcClosure25.run(CommonStep.java:1)
	at org.aspectj.runtime.reflect.JoinPointImpl.proceed(JoinPointImpl.java:149)
	at com.qmetry.qaf.automation.step.JavaStepReporter$MockJavaStep.doExecute(JavaStepReporter.java:138)
	at com.qmetry.qaf.automation.step.BaseTestStep.execute(BaseTestStep.java:149)
	at com.qmetry.qaf.automation.step.JavaStepReporter.javaTestStep(JavaStepReporter.java:88)
	at com.qmetry.qaf.automation.step.CommonStep.get(CommonStep.java:307)
	at com.qmetry.qaf.example.test.SampleTest.testGoogleSearch2(SampleTest.java:40)
	at sun.reflect.NativeMethodAccessorImpl.invoke0(Native Method)
	at sun.reflect.NativeMethodAccessorImpl.invoke(NativeMethodAccessorImpl.java:62)
	at sun.reflect.DelegatingMethodAccessorImpl.invoke(DelegatingMethodAccessorImpl.java:43)
	at java.lang.reflect.Method.invoke(Method.java:498)
	at org.testng.internal.MethodInvocationHelper.invokeMethod(MethodInvocationHelper.java:86)
	at org.testng.internal.Invoker.invokeMethod(Invoker.java:643)
	at org.testng.internal.Invoker.invokeTestMethod(Invoker.java:820)
	at org.testng.internal.Invoker.invokeTestMethods(Invoker.java:1128)
	at org.testng.internal.TestMethodWorker.invokeTestMethods(TestMethodWorker.java:129)
	at org.testng.internal.TestMethodWorker.run(TestMethodWorker.java:112)
	at org.testng.TestRunner.privateRun(TestRunner.java:805)
	at org.testng.TestRunner.run(TestRunner.java:655)
	at org.testng.SuiteRunner.runTest(SuiteRunner.java:366)
	at org.testng.SuiteRunner.runSequentially(SuiteRunner.java:361)
	at org.testng.SuiteRunner.privateRun(SuiteRunner.java:319)
	at org.testng.SuiteRunner.run(SuiteRunner.java:268)
	at org.testng.SuiteRunnerWorker.runSuite(SuiteRunnerWorker.java:52)
	at org.testng.SuiteRunnerWorker.run(SuiteRunnerWorker.java:86)
	at org.testng.TestNG.runSuitesSequentially(TestNG.java:1244)
	at org.testng.TestNG.runSuitesLocally(TestNG.java:1169)
	at org.testng.TestNG.run(TestNG.java:1064)
	at org.apache.maven.surefire.testng.TestNGExecutor.run(TestNGExecutor.java:122)
	at org.apache.maven.surefire.testng.TestNGXmlTestSuite.execute(TestNGXmlTestSuite.java:92)
	at org.apache.maven.surefire.testng.TestNGProvider.invoke(TestNGProvider.java:101)
	at sun.reflect.NativeMethodAccessorImpl.invoke0(Native Method)
	at sun.reflect.NativeMethodAccessorImpl.invoke(NativeMethodAccessorImpl.java:62)
	at sun.reflect.DelegatingMethodAccessorImpl.invoke(DelegatingMethodAccessorImpl.java:43)
	at java.lang.reflect.Method.invoke(Method.java:498)
	at org.apache.maven.surefire.util.ReflectionUtils.invokeMethodWithArray(ReflectionUtils.java:164)
	at org.apache.maven.surefire.booter.ProviderFactory$ProviderProxy.invoke(ProviderFactory.java:110)
	at org.apache.maven.surefire.booter.SurefireStarter.invokeProvider(SurefireStarter.java:172)
	at org.apache.maven.surefire.booter.SurefireStarter.runSuitesInProcessWhenForked(SurefireStarter.java:104)
	at org.apache.maven.surefire.booter.ForkedBooter.main(ForkedBooter.java:70)
]]>
            </full-stacktrace>
          </exception> <!-- com.qmetry.qaf.automation.core.AutomationError -->
          <reporter-output>
            <line>
              <![CDATA[<div style="display:block;margin-left:10px;"><div  class="teststepfail"><span class="teststepfail-label">T </span>get '/'</div><div style="display:block;margin-left:10px;"><div  class="fail"><span class="fail-label">F </span>com.qmetry.qaf.automation.core.AutomationError: Timed out after 0 seconds: Unable to create driver instance in 1st attempt with retry timeout of 0 seconds. You can check/set value of 'driver.init.retry.timeout' appropriately to set retry timeout on driver initialization failure.
Driver file not exist.</div></div></div>]]>
            </line>
          </reporter-output>
        </test-method> <!-- testGoogleSearch2 -->
        <test-method status="SKIP" signature="testGoogleSearch1()[pri:0, instance:com.qmetry.qaf.example.test.SampleTest@e056f20]" name="testGoogleSearch1" duration-ms="0" started-at="2018-02-21T11:08:52Z" finished-at="2018-02-21T11:08:52Z">
          <exception class="com.qmetry.qaf.automation.core.AutomationError">
            <message>
              <![CDATA[Timed out after 0 seconds: Unable to create driver instance in 1st attempt with retry timeout of 0 seconds. You can check/set value of 'driver.init.retry.timeout' appropriately to set retry timeout on driver initialization failure.
Driver file not exist.]]>
            </message>
            <full-stacktrace>
              <![CDATA[com.qmetry.qaf.automation.core.AutomationError: Timed out after 0 seconds: Unable to create driver instance in 1st attempt with retry timeout of 0 seconds. You can check/set value of 'driver.init.retry.timeout' appropriately to set retry timeout on driver initialization failure.
Driver file not exist.
	at com.qmetry.qaf.automation.ui.webdriver.ChromeDriverHelper.createAndStartService(ChromeDriverHelper.java:51)
	at com.qmetry.qaf.automation.ui.webdriver.ChromeDriverHelper.getService(ChromeDriverHelper.java:88)
	at com.qmetry.qaf.automation.ui.UiDriverFactory$Browsers.getDriver(UiDriverFactory.java:407)
	at com.qmetry.qaf.automation.ui.UiDriverFactory$Browsers.access$4(UiDriverFactory.java:398)
	at com.qmetry.qaf.automation.ui.UiDriverFactory.getDriver(UiDriverFactory.java:234)
	at com.qmetry.qaf.automation.ui.UiDriverFactory.get(UiDriverFactory.java:94)
	at com.qmetry.qaf.automation.core.QAFTestBase$DriverInitExpectedCondition.apply(QAFTestBase.java:487)
	at com.qmetry.qaf.automation.core.QAFTestBase$DriverInitExpectedCondition.apply(QAFTestBase.java:1)
	at org.openqa.selenium.support.ui.FluentWait.until(FluentWait.java:238)
	at com.qmetry.qaf.automation.core.QAFTestBase.init(QAFTestBase.java:389)
	at com.qmetry.qaf.automation.core.QAFTestBase.getUiDriver(QAFTestBase.java:177)
	at com.qmetry.qaf.automation.ui.WebDriverTestBase.getDriver(WebDriverTestBase.java:47)
	at com.qmetry.qaf.automation.step.CommonStep.get_aroundBody24(CommonStep.java:308)
	at com.qmetry.qaf.automation.step.CommonStep$AjcClosure25.run(CommonStep.java:1)
	at org.aspectj.runtime.reflect.JoinPointImpl.proceed(JoinPointImpl.java:149)
	at com.qmetry.qaf.automation.step.JavaStepReporter$MockJavaStep.doExecute(JavaStepReporter.java:138)
	at com.qmetry.qaf.automation.step.BaseTestStep.execute(BaseTestStep.java:149)
	at com.qmetry.qaf.automation.step.JavaStepReporter.javaTestStep(JavaStepReporter.java:88)
	at com.qmetry.qaf.automation.step.CommonStep.get(CommonStep.java:307)
	at com.qmetry.qaf.example.test.SampleTest.testGoogleSearch1(SampleTest.java:33)
	at sun.reflect.NativeMethodAccessorImpl.invoke0(Native Method)
	at sun.reflect.NativeMethodAccessorImpl.invoke(NativeMethodAccessorImpl.java:62)
	at sun.reflect.DelegatingMethodAccessorImpl.invoke(DelegatingMethodAccessorImpl.java:43)
	at java.lang.reflect.Method.invoke(Method.java:498)
	at org.testng.internal.MethodInvocationHelper.invokeMethod(MethodInvocationHelper.java:86)
	at org.testng.internal.Invoker.invokeMethod(Invoker.java:643)
	at org.testng.internal.Invoker.invokeTestMethod(Invoker.java:820)
	at org.testng.internal.Invoker.invokeTestMethods(Invoker.java:1128)
	at org.testng.internal.TestMethodWorker.invokeTestMethods(TestMethodWorker.java:129)
	at org.testng.internal.TestMethodWorker.run(TestMethodWorker.java:112)
	at org.testng.TestRunner.privateRun(TestRunner.java:805)
	at org.testng.TestRunner.run(TestRunner.java:655)
	at org.testng.SuiteRunner.runTest(SuiteRunner.java:366)
	at org.testng.SuiteRunner.runSequentially(SuiteRunner.java:361)
	at org.testng.SuiteRunner.privateRun(SuiteRunner.java:319)
	at org.testng.SuiteRunner.run(SuiteRunner.java:268)
	at org.testng.SuiteRunnerWorker.runSuite(SuiteRunnerWorker.java:52)
	at org.testng.SuiteRunnerWorker.run(SuiteRunnerWorker.java:86)
	at org.testng.TestNG.runSuitesSequentially(TestNG.java:1244)
	at org.testng.TestNG.runSuitesLocally(TestNG.java:1169)
	at org.testng.TestNG.run(TestNG.java:1064)
	at org.apache.maven.surefire.testng.TestNGExecutor.run(TestNGExecutor.java:122)
	at org.apache.maven.surefire.testng.TestNGXmlTestSuite.execute(TestNGXmlTestSuite.java:92)
	at org.apache.maven.surefire.testng.TestNGProvider.invoke(TestNGProvider.java:101)
	at sun.reflect.NativeMethodAccessorImpl.invoke0(Native Method)
	at sun.reflect.NativeMethodAccessorImpl.invoke(NativeMethodAccessorImpl.java:62)
	at sun.reflect.DelegatingMethodAccessorImpl.invoke(DelegatingMethodAccessorImpl.java:43)
	at java.lang.reflect.Method.invoke(Method.java:498)
	at org.apache.maven.surefire.util.ReflectionUtils.invokeMethodWithArray(ReflectionUtils.java:164)
	at org.apache.maven.surefire.booter.ProviderFactory$ProviderProxy.invoke(ProviderFactory.java:110)
	at org.apache.maven.surefire.booter.SurefireStarter.invokeProvider(SurefireStarter.java:172)
	at org.apache.maven.surefire.booter.SurefireStarter.runSuitesInProcessWhenForked(SurefireStarter.java:104)
	at org.apache.maven.surefire.booter.ForkedBooter.main(ForkedBooter.java:70)
]]>
            </full-stacktrace>
          </exception> <!-- com.qmetry.qaf.automation.core.AutomationError -->
          <reporter-output>
            <line>
              <![CDATA[<div style="display:block;margin-left:10px;"><div  class="teststepfail"><span class="teststepfail-label">T </span>get '/'</div><div style="display:block;margin-left:10px;"><div  class="fail"><span class="fail-label">F </span>com.qmetry.qaf.automation.core.AutomationError: Timed out after 0 seconds: Unable to create driver instance in 1st attempt with retry timeout of 0 seconds. You can check/set value of 'driver.init.retry.timeout' appropriately to set retry timeout on driver initialization failure.
Driver file not exist.</div></div></div>]]>
            </line>
          </reporter-output>
        </test-method> <!-- testGoogleSearch1 -->
        <test-method status="PASS" signature="setupMethod(java.lang.reflect.Method, org.testng.ITestContext)[pri:0, instance:com.qmetry.qaf.example.test.SampleTest@e056f20]" name="setupMethod" is-config="true" duration-ms="0" started-at="2018-02-21T11:08:52Z" finished-at="2018-02-21T11:08:52Z">
          <params>
            <param index="0">
              <value>
                <![CDATA[public void com.qmetry.qaf.example.test.SampleTest.testGoogleSearch1()]]>
              </value>
            </param>
            <param index="1">
              <value>
                <![CDATA[org.testng.TestRunner@4d9e68d0]]>
              </value>
            </param>
          </params>
          <reporter-output>
          </reporter-output>
        </test-method> <!-- setupMethod -->
        <test-method status="PASS" signature="afterMethod(org.testng.ITestContext, org.testng.ITestResult)[pri:0, instance:com.qmetry.qaf.example.test.SampleTest@e056f20]" name="afterMethod" is-config="true" duration-ms="0" started-at="2018-02-21T11:08:52Z" finished-at="2018-02-21T11:08:52Z">
          <params>
            <param index="0">
              <value>
                <![CDATA[org.testng.TestRunner@4d9e68d0]]>
              </value>
            </param>
            <param index="1">
              <value>
                <![CDATA[[TestResult name=testGoogleSearch2 status=SKIP method=SampleTest.testGoogleSearch2()[pri:0, instance:com.qmetry.qaf.example.test.SampleTest@e056f20] output=<div style="display:block;margin-left:10px;"><div  class="teststepfail"><span class="teststepfail-label">T </span>get '/'</div><div style="display:block;margin-left:10px;"><div  class="fail"><span class="fail-label">F </span>com.qmetry.qaf.automation.core.AutomationError: Timed out after 0 seconds: Unable to create driver instance in 1st attempt with retry timeout of 0 seconds. You can check/set value of 'driver.init.retry.timeout' appropriately to set retry timeout on driver initialization failure.
Driver file not exist.</div></div></div>]]]>
              </value>
            </param>
          </params>
          <reporter-output>
          </reporter-output>
        </test-method> <!-- afterMethod -->
        <test-method status="PASS" signature="afterClass(org.testng.ITestContext)[pri:0, instance:com.qmetry.qaf.example.test.SampleTest@e056f20]" name="afterClass" is-config="true" duration-ms="0" started-at="2018-02-21T11:08:52Z" finished-at="2018-02-21T11:08:52Z">
          <params>
            <param index="0">
              <value>
                <![CDATA[org.testng.TestRunner@4d9e68d0]]>
              </value>
            </param>
          </params>
          <reporter-output>
          </reporter-output>
        </test-method> <!-- afterClass -->
        <test-method status="PASS" signature="afterTest(org.testng.ITestContext)[pri:0, instance:com.qmetry.qaf.example.test.SampleTest@e056f20]" name="afterTest" is-config="true" duration-ms="0" started-at="2018-02-21T11:08:52Z" finished-at="2018-02-21T11:08:52Z">
          <params>
            <param index="0">
              <value>
                <![CDATA[org.testng.TestRunner@4d9e68d0]]>
              </value>
            </param>
          </params>
          <reporter-output>
          </reporter-output>
        </test-method> <!-- afterTest -->
        <test-method status="PASS" signature="afterMethod(org.testng.ITestContext, org.testng.ITestResult)[pri:0, instance:com.qmetry.qaf.example.test.SampleTest@e056f20]" name="afterMethod" is-config="true" duration-ms="0" started-at="2018-02-21T11:08:52Z" finished-at="2018-02-21T11:08:52Z">
          <params>
            <param index="0">
              <value>
                <![CDATA[org.testng.TestRunner@4d9e68d0]]>
              </value>
            </param>
            <param index="1">
              <value>
                <![CDATA[[TestResult name=testGoogleSearch1 status=SKIP method=SampleTest.testGoogleSearch1()[pri:0, instance:com.qmetry.qaf.example.test.SampleTest@e056f20] output=<div style="display:block;margin-left:10px;"><div  class="teststepfail"><span class="teststepfail-label">T </span>get '/'</div><div style="display:block;margin-left:10px;"><div  class="fail"><span class="fail-label">F </span>com.qmetry.qaf.automation.core.AutomationError: Timed out after 0 seconds: Unable to create driver instance in 1st attempt with retry timeout of 0 seconds. You can check/set value of 'driver.init.retry.timeout' appropriately to set retry timeout on driver initialization failure.
Driver file not exist.</div></div></div>]]]>
              </value>
            </param>
          </params>
          <reporter-output>
          </reporter-output>
        </test-method> <!-- afterMethod -->
        <test-method status="PASS" signature="afterSuit(org.testng.ITestContext)[pri:0, instance:com.qmetry.qaf.example.test.SampleTest@e056f20]" name="afterSuit" is-config="true" duration-ms="0" started-at="2018-02-21T11:08:52Z" finished-at="2018-02-21T11:08:52Z">
          <params>
            <param index="0">
              <value>
                <![CDATA[org.testng.TestRunner@4d9e68d0]]>
              </value>
            </param>
          </params>
          <reporter-output>
          </reporter-output>
        </test-method> <!-- afterSuit -->
      </class> <!-- com.qmetry.qaf.example.test.SampleTest -->
    </test> <!-- java Test2 -->
  </suite> <!-- QAF Demo -->
</testng-results>
