<?xml version="1.0" encoding="UTF-8"?>
<!-- Generated by org.testng.reporters.JUnitXMLReporter -->
<testsuite hostname="ICPL10426" name="java Test2" tests="7" failures="0" timestamp="21 Feb 2018 08:43:39 GMT" time="0.13" errors="0">
  <testcase name="testGoogleSearch5" time="0.003" classname="com.qmetry.qaf.example.test.SampleTest"/>
  <testcase name="testGoogleSearch5" time="0.001" classname="com.qmetry.qaf.example.test.SampleTest"/>
  <testcase name="testGoogleSearch41" time="0.005" classname="com.qmetry.qaf.example.test.SampleTest">
    <skipped/>
  </testcase> <!-- testGoogleSearch41 -->
  <testcase name="testGoogleSearch4" time="0.003" classname="com.qmetry.qaf.example.test.SampleTest">
    <skipped/>
  </testcase> <!-- testGoogleSearch4 -->
  <testcase name="testGoogleSearch3" time="0.003" classname="com.qmetry.qaf.example.test.SampleTest">
    <skipped/>
  </testcase> <!-- testGoogleSearch3 -->
  <testcase name="testGoogleSearch2" time="0.007" classname="com.qmetry.qaf.example.test.SampleTest">
    <skipped/>
  </testcase> <!-- testGoogleSearch2 -->
  <testcase name="testGoogleSearch1" time="0.003" classname="com.qmetry.qaf.example.test.SampleTest">
    <skipped/>
  </testcase> <!-- testGoogleSearch1 -->
</testsuite> <!-- java Test2 -->
