<?xml version="1.0" encoding="UTF-8"?>
<!-- Generated by org.testng.reporters.JUnitReportReporter -->
<testsuite hostname="ICPL10426" name="com.qmetry.qaf.automation.step.client.Scenario" tests="1" failures="0" timestamp="21 Feb 2018 05:28:33 GMT" time="0.219" errors="1">
  <testcase name="SampleTest" time="0.219" classname="com.qmetry.qaf.automation.step.client.Scenario">
    <error type="com.qmetry.qaf.automation.core.AutomationError" message="Timed out after 0 seconds: Unable to create driver instance in 1st attempt with retry timeout of 0 seconds. You can check/set value of &#039;driver.init.retry.timeout&#039; appropriately to set retry timeout on driver initialization failure.
Driver file not exist.">
      <![CDATA[com.qmetry.qaf.automation.core.AutomationError: Timed out after 0 seconds: Unable to create driver instance in 1st attempt with retry timeout of 0 seconds. You can check/set value of 'driver.init.retry.timeout' appropriately to set retry timeout on driver initialization failure.
Driver file not exist.
	at .Given get '/'(scenarios/suite1.bdd:6)
	at com.qmetry.qaf.automation.ui.webdriver.ChromeDriverHelper.createAndStartService(ChromeDriverHelper.java:51)
	at com.qmetry.qaf.automation.ui.webdriver.ChromeDriverHelper.getService(ChromeDriverHelper.java:88)
	at com.qmetry.qaf.automation.ui.UiDriverFactory$Browsers.getDriver(UiDriverFactory.java:407)
	at com.qmetry.qaf.automation.ui.UiDriverFactory$Browsers.access$4(UiDriverFactory.java:398)
	at com.qmetry.qaf.automation.ui.UiDriverFactory.getDriver(UiDriverFactory.java:234)
	at com.qmetry.qaf.automation.ui.UiDriverFactory.get(UiDriverFactory.java:94)
	at com.qmetry.qaf.automation.core.QAFTestBase$DriverInitExpectedCondition.apply(QAFTestBase.java:487)
	at com.qmetry.qaf.automation.core.QAFTestBase$DriverInitExpectedCondition.apply(QAFTestBase.java:1)
	at org.openqa.selenium.support.ui.FluentWait.until(FluentWait.java:238)
	at com.qmetry.qaf.automation.core.QAFTestBase.init(QAFTestBase.java:389)
	at com.qmetry.qaf.automation.core.QAFTestBase.getUiDriver(QAFTestBase.java:177)
	at com.qmetry.qaf.automation.ui.WebDriverTestBase.getDriver(WebDriverTestBase.java:47)
	at com.qmetry.qaf.automation.step.CommonStep.get_aroundBody24(CommonStep.java:308)
	at com.qmetry.qaf.automation.step.JavaStepReporter.javaTestStep(JavaStepReporter.java:101)
	at com.qmetry.qaf.automation.step.CommonStep.get(CommonStep.java:307)
	at com.qmetry.qaf.automation.step.JavaStep.doExecute(JavaStep.java:155)
	at com.qmetry.qaf.automation.step.BaseTestStep.execute(BaseTestStep.java:149)
	at com.qmetry.qaf.automation.step.StringTestStep.execute(StringTestStep.java:134)
	at com.qmetry.qaf.automation.step.client.Scenario.execute(Scenario.java:167)
	at com.qmetry.qaf.automation.step.client.Scenario.scenario(Scenario.java:219)
	at org.apache.maven.surefire.testng.TestNGExecutor.run(TestNGExecutor.java:122)
	at org.apache.maven.surefire.testng.TestNGXmlTestSuite.execute(TestNGXmlTestSuite.java:92)
	at org.apache.maven.surefire.testng.TestNGProvider.invoke(TestNGProvider.java:101)
	at org.apache.maven.surefire.util.ReflectionUtils.invokeMethodWithArray(ReflectionUtils.java:164)
	at org.apache.maven.surefire.booter.ProviderFactory$ProviderProxy.invoke(ProviderFactory.java:110)
	at org.apache.maven.surefire.booter.SurefireStarter.invokeProvider(SurefireStarter.java:172)
	at org.apache.maven.surefire.booter.SurefireStarter.runSuitesInProcessWhenForked(SurefireStarter.java:104)
	at org.apache.maven.surefire.booter.ForkedBooter.main(ForkedBooter.java:70)
]]>
    </error>
  </testcase> <!-- SampleTest -->
</testsuite> <!-- com.qmetry.qaf.automation.step.client.Scenario -->
