<?xml version="1.0" encoding="UTF-8"?>
<testsuite xmlns:xsi="http://www.w3.org/2001/XMLSchema-instance" xsi:noNamespaceSchemaLocation="https://maven.apache.org/surefire/maven-surefire-plugin/xsd/surefire-test-report.xsd" name="com.examples.ex2.AppCustomTest" time="0.037" tests="2" errors="0" skipped="0" failures="0">
  <properties>
[...]
</properties>
  <testcase name="testApp3" classname="com.examples.ex2.AppCustomTest" time="0.005"/>
  <testcase name="testApp4" classname="com.examples.ex2.AppCustomTest" time="0"/>
</testsuite>