<?xml version="1.0" encoding="UTF-8"?>
<testng-results skipped="0" failed="0" total="5" passed="5">
  <reporter-output>
  </reporter-output>
  <suite name="Surefire suite" duration-ms="36" started-at="2018-02-23T09:42:27Z" finished-at="2018-02-23T09:42:27Z">
    <groups>
    </groups>
    <test name="Surefire test" duration-ms="36" started-at="2018-02-23T09:42:27Z" finished-at="2018-02-23T09:42:27Z">
      <class name="com.qmetry.testng_demo.CalculatorTest">
        <test-method status="PASS" signature="beforeEachTest()[pri:0, instance:com.qmetry.testng_demo.CalculatorTest@59a6e353]" name="beforeEachTest" is-config="true" duration-ms="9" started-at="2018-02-23T15:12:27Z" finished-at="2018-02-23T15:12:27Z">
          <reporter-output>
          </reporter-output>
        </test-method> <!-- beforeEachTest -->
        <test-method status="PASS" signature="initCalculator()[pri:0, instance:com.qmetry.testng_demo.CalculatorTest@59a6e353]" name="initCalculator" is-config="true" duration-ms="13" started-at="2018-02-23T15:12:27Z" finished-at="2018-02-23T15:12:27Z">
          <reporter-output>
          </reporter-output>
        </test-method> <!-- initCalculator -->
        <test-method status="PASS" signature="testDivisionException()[pri:0, instance:com.qmetry.testng_demo.CalculatorTest@59a6e353]" name="testDivisionException" duration-ms="1" started-at="2018-02-23T15:12:27Z" finished-at="2018-02-23T15:12:27Z">
          <exception class="java.lang.Exception">
            <message>
              <![CDATA[Divider can't be zero]]>
            </message>
            <full-stacktrace>
              <![CDATA[java.lang.Exception: Divider can't be zero
	at com.qmetry.Calculator.divison(Calculator.java:23)
	at com.qmetry.testng_demo.CalculatorTest.testDivisionException(CalculatorTest.java:53)
	at sun.reflect.NativeMethodAccessorImpl.invoke0(Native Method)
	at sun.reflect.NativeMethodAccessorImpl.invoke(NativeMethodAccessorImpl.java:62)
	at sun.reflect.DelegatingMethodAccessorImpl.invoke(DelegatingMethodAccessorImpl.java:43)
	at java.lang.reflect.Method.invoke(Method.java:498)
	at org.testng.internal.MethodInvocationHelper.invokeMethod(MethodInvocationHelper.java:80)
	at org.testng.internal.Invoker.invokeMethod(Invoker.java:714)
	at org.testng.internal.Invoker.invokeTestMethod(Invoker.java:901)
	at org.testng.internal.Invoker.invokeTestMethods(Invoker.java:1231)
	at org.testng.internal.TestMethodWorker.invokeTestMethods(TestMethodWorker.java:127)
	at org.testng.internal.TestMethodWorker.run(TestMethodWorker.java:111)
	at org.testng.TestRunner.privateRun(TestRunner.java:767)
	at org.testng.TestRunner.run(TestRunner.java:617)
	at org.testng.SuiteRunner.runTest(SuiteRunner.java:334)
	at org.testng.SuiteRunner.runSequentially(SuiteRunner.java:329)
	at org.testng.SuiteRunner.privateRun(SuiteRunner.java:291)
	at org.testng.SuiteRunner.run(SuiteRunner.java:240)
	at org.testng.SuiteRunnerWorker.runSuite(SuiteRunnerWorker.java:52)
	at org.testng.SuiteRunnerWorker.run(SuiteRunnerWorker.java:86)
	at org.testng.TestNG.runSuitesSequentially(TestNG.java:1198)
	at org.testng.TestNG.runSuitesLocally(TestNG.java:1123)
	at org.testng.TestNG.run(TestNG.java:1031)
	at org.apache.maven.surefire.testng.TestNGExecutor.run(TestNGExecutor.java:135)
	at org.apache.maven.surefire.testng.TestNGDirectoryTestSuite.executeSingleClass(TestNGDirectoryTestSuite.java:112)
	at org.apache.maven.surefire.testng.TestNGDirectoryTestSuite.execute(TestNGDirectoryTestSuite.java:99)
	at org.apache.maven.surefire.testng.TestNGProvider.invoke(TestNGProvider.java:146)
	at org.apache.maven.surefire.booter.ForkedBooter.invokeProviderInSameClassLoader(ForkedBooter.java:386)
	at org.apache.maven.surefire.booter.ForkedBooter.runSuitesInProcess(ForkedBooter.java:323)
	at org.apache.maven.surefire.booter.ForkedBooter.main(ForkedBooter.java:143)
]]>
            </full-stacktrace>
          </exception> <!-- java.lang.Exception -->
          <reporter-output>
          </reporter-output>
        </test-method> <!-- testDivisionException -->
        <test-method status="PASS" signature="testDivison()[pri:0, instance:com.qmetry.testng_demo.CalculatorTest@59a6e353]" name="testDivison" duration-ms="2" started-at="2018-02-23T15:12:27Z" finished-at="2018-02-23T15:12:27Z">
          <reporter-output>
          </reporter-output>
        </test-method> <!-- testDivison -->
        <test-method status="PASS" signature="testSubstraction()[pri:0, instance:com.qmetry.testng_demo.CalculatorTest@59a6e353]" name="testSubstraction" duration-ms="0" started-at="2018-02-23T15:12:27Z" finished-at="2018-02-23T15:12:27Z">
          <reporter-output>
          </reporter-output>
        </test-method> <!-- testSubstraction -->
        <test-method status="PASS" signature="testEqual()[pri:0, instance:com.qmetry.testng_demo.CalculatorTest@59a6e353]" name="testEqual" duration-ms="0" started-at="2018-02-23T15:12:27Z" finished-at="2018-02-23T15:12:27Z">
          <reporter-output>
          </reporter-output>
        </test-method> <!-- testEqual -->
        <test-method status="PASS" signature="testSum()[pri:0, instance:com.qmetry.testng_demo.CalculatorTest@59a6e353]" name="testSum" duration-ms="0" started-at="2018-02-23T15:12:27Z" finished-at="2018-02-23T15:12:27Z">
          <reporter-output>
          </reporter-output>
        </test-method> <!-- testSum -->
        <test-method status="PASS" signature="afterEachTest()[pri:0, instance:com.qmetry.testng_demo.CalculatorTest@59a6e353]" name="afterEachTest" is-config="true" duration-ms="0" started-at="2018-02-23T15:12:27Z" finished-at="2018-02-23T15:12:27Z">
          <reporter-output>
          </reporter-output>
        </test-method> <!-- afterEachTest -->
      </class> <!-- com.qmetry.testng_demo.CalculatorTest -->
    </test> <!-- Surefire test -->
  </suite> <!-- Surefire suite -->
</testng-results>
